This is pdfTeX, Version 3.1415926-2.5-1.40.14 (MiKTeX 2.9 64-bit) (preloaded format=pdflatex 2015.4.21)  12 AUG 2015 14:54
entering extended mode
**AJHB-LatexPaper.tex

("C:\Users\ThePanicPanda\Dropbox\Completed and Published Projects\1-Papers\11-A
 Hierarchical Bayesian Analysis of Parasite Prevalence\FullPackageForJournal - 
Revison\AJHB-LatexPaper\AJHB-LatexPaper.tex"
LaTeX2e <2011/06/27>
Babel <v3.8m> and hyphenation patterns for english, afrikaans, ancientgreek, ar
abic, armenian, assamese, basque, bengali, bokmal, bulgarian, catalan, coptic, 
croatian, czech, danish, dutch, esperanto, estonian, farsi, finnish, french, ga
lician, german, german-x-2013-05-26, greek, gujarati, hindi, hungarian, iceland
ic, indonesian, interlingua, irish, italian, kannada, kurmanji, latin, latvian,
 lithuanian, malayalam, marathi, mongolian, mongolianlmc, monogreek, ngerman, n
german-x-2013-05-26, nynorsk, oriya, panjabi, pinyin, polish, portuguese, roman
ian, russian, sanskrit, serbian, slovak, slovenian, spanish, swedish, swissgerm
an, tamil, telugu, turkish, turkmen, ukenglish, ukrainian, uppersorbian, usengl
ishmax, welsh, loaded.
("C:\Program Files\MiKTeX 2.9\tex\latex\base\article.cls"
Document Class: article 2007/10/19 v1.4h Standard LaTeX document class
("C:\Program Files\MiKTeX 2.9\tex\latex\base\size12.clo"
File: size12.clo 2007/10/19 v1.4h Standard LaTeX file (size option)
)
\c@part=\count79
\c@section=\count80
\c@subsection=\count81
\c@subsubsection=\count82
\c@paragraph=\count83
\c@subparagraph=\count84
\c@figure=\count85
\c@table=\count86
\abovecaptionskip=\skip41
\belowcaptionskip=\skip42
\bibindent=\dimen102
)
("C:\Program Files\MiKTeX 2.9\tex\latex\amsmath\amsmath.sty"
Package: amsmath 2013/01/14 v2.14 AMS math features
\@mathmargin=\skip43

For additional information on amsmath, use the `?' option.
("C:\Program Files\MiKTeX 2.9\tex\latex\amsmath\amstext.sty"
Package: amstext 2000/06/29 v2.01

("C:\Program Files\MiKTeX 2.9\tex\latex\amsmath\amsgen.sty"
File: amsgen.sty 1999/11/30 v2.0
\@emptytoks=\toks14
\ex@=\dimen103
))
("C:\Program Files\MiKTeX 2.9\tex\latex\amsmath\amsbsy.sty"
Package: amsbsy 1999/11/29 v1.2d
\pmbraise@=\dimen104
)
("C:\Program Files\MiKTeX 2.9\tex\latex\amsmath\amsopn.sty"
Package: amsopn 1999/12/14 v2.01 operator names
)
\inf@bad=\count87
LaTeX Info: Redefining \frac on input line 210.
\uproot@=\count88
\leftroot@=\count89
LaTeX Info: Redefining \overline on input line 306.
\classnum@=\count90
\DOTSCASE@=\count91
LaTeX Info: Redefining \ldots on input line 378.
LaTeX Info: Redefining \dots on input line 381.
LaTeX Info: Redefining \cdots on input line 466.
\Mathstrutbox@=\box26
\strutbox@=\box27
\big@size=\dimen105
LaTeX Font Info:    Redeclaring font encoding OML on input line 566.
LaTeX Font Info:    Redeclaring font encoding OMS on input line 567.
\macc@depth=\count92
\c@MaxMatrixCols=\count93
\dotsspace@=\muskip10
\c@parentequation=\count94
\dspbrk@lvl=\count95
\tag@help=\toks15
\row@=\count96
\column@=\count97
\maxfields@=\count98
\andhelp@=\toks16
\eqnshift@=\dimen106
\alignsep@=\dimen107
\tagshift@=\dimen108
\tagwidth@=\dimen109
\totwidth@=\dimen110
\lineht@=\dimen111
\@envbody=\toks17
\multlinegap=\skip44
\multlinetaggap=\skip45
\mathdisplay@stack=\toks18
LaTeX Info: Redefining \[ on input line 2665.
LaTeX Info: Redefining \] on input line 2666.
)
("C:\Program Files\MiKTeX 2.9\tex\latex\amsfonts\amssymb.sty"
Package: amssymb 2013/01/14 v3.01 AMS font symbols

("C:\Program Files\MiKTeX 2.9\tex\latex\amsfonts\amsfonts.sty"
Package: amsfonts 2013/01/14 v3.01 Basic AMSFonts support
\symAMSa=\mathgroup4
\symAMSb=\mathgroup5
LaTeX Font Info:    Overwriting math alphabet `\mathfrak' in version `bold'
(Font)                  U/euf/m/n --> U/euf/b/n on input line 106.
))
("C:\Program Files\MiKTeX 2.9\tex\latex\graphics\graphicx.sty"
Package: graphicx 1999/02/16 v1.0f Enhanced LaTeX Graphics (DPC,SPQR)

("C:\Program Files\MiKTeX 2.9\tex\latex\graphics\keyval.sty"
Package: keyval 1999/03/16 v1.13 key=value parser (DPC)
\KV@toks@=\toks19
)
("C:\Program Files\MiKTeX 2.9\tex\latex\graphics\graphics.sty"
Package: graphics 2009/02/05 v1.0o Standard LaTeX Graphics (DPC,SPQR)

("C:\Program Files\MiKTeX 2.9\tex\latex\graphics\trig.sty"
Package: trig 1999/03/16 v1.09 sin cos tan (DPC)
)
("C:\Program Files\MiKTeX 2.9\tex\latex\00miktex\graphics.cfg"
File: graphics.cfg 2007/01/18 v1.5 graphics configuration of teTeX/TeXLive
)
Package graphics Info: Driver file: pdftex.def on input line 91.

("C:\Program Files\MiKTeX 2.9\tex\latex\pdftex-def\pdftex.def"
File: pdftex.def 2011/05/27 v0.06d Graphics/color for pdfTeX

("C:\Program Files\MiKTeX 2.9\tex\generic\oberdiek\infwarerr.sty"
Package: infwarerr 2010/04/08 v1.3 Providing info/warning/error messages (HO)
)
("C:\Program Files\MiKTeX 2.9\tex\generic\oberdiek\ltxcmds.sty"
Package: ltxcmds 2011/11/09 v1.22 LaTeX kernel commands for general use (HO)
)
\Gread@gobject=\count99
))
\Gin@req@height=\dimen112
\Gin@req@width=\dimen113
)
("C:\Program Files\MiKTeX 2.9\tex\latex\graphics\color.sty"
Package: color 2005/11/14 v1.0j Standard LaTeX Color (DPC)

("C:\Program Files\MiKTeX 2.9\tex\latex\00miktex\color.cfg"
File: color.cfg 2007/01/18 v1.5 color configuration of teTeX/TeXLive
)
Package color Info: Driver file: pdftex.def on input line 130.
)
("C:\Program Files\MiKTeX 2.9\tex\latex\tools\dcolumn.sty"
Package: dcolumn 2001/05/28 v1.06 decimal alignment package (DPC)

("C:\Program Files\MiKTeX 2.9\tex\latex\tools\array.sty"
Package: array 2008/09/09 v2.4c Tabular extension package (FMi)
\col@sep=\dimen114
\extrarowheight=\dimen115
\NC@list=\toks20
\extratabsurround=\skip46
\backup@length=\skip47
))
("C:\Program Files\MiKTeX 2.9\tex\latex\tools\bm.sty"
Package: bm 2004/02/26 v1.1c Bold Symbol Support (DPC/FMi)
\symboldoperators=\mathgroup6
\symboldletters=\mathgroup7
\symboldsymbols=\mathgroup8
LaTeX Font Info:    Redeclaring math alphabet \mathbf on input line 138.
LaTeX Info: Redefining \bm on input line 204.
)
("C:\Program Files\MiKTeX 2.9\tex\latex\natbib\natbib.sty"
Package: natbib 2010/09/13 8.31b (PWD, AO)
\bibhang=\skip48
\bibsep=\skip49
LaTeX Info: Redefining \cite on input line 694.
\c@NAT@ctr=\count100
)
("C:\Program Files\MiKTeX 2.9\tex\latex\base\inputenc.sty"
Package: inputenc 2008/03/30 v1.1d Input encoding file
\inpenc@prehook=\toks21
\inpenc@posthook=\toks22

("C:\Program Files\MiKTeX 2.9\tex\latex\base\utf8.def"
File: utf8.def 2008/04/05 v1.1m UTF-8 support for inputenc
Now handling font encoding OML ...
... no UTF-8 mapping file for font encoding OML
Now handling font encoding T1 ...
... processing UTF-8 mapping file for font encoding T1

("C:\Program Files\MiKTeX 2.9\tex\latex\base\t1enc.dfu"
File: t1enc.dfu 2008/04/05 v1.1m UTF-8 support for inputenc
   defining Unicode char U+00A1 (decimal 161)
   defining Unicode char U+00A3 (decimal 163)
   defining Unicode char U+00AB (decimal 171)
   defining Unicode char U+00BB (decimal 187)
   defining Unicode char U+00BF (decimal 191)
   defining Unicode char U+00C0 (decimal 192)
   defining Unicode char U+00C1 (decimal 193)
   defining Unicode char U+00C2 (decimal 194)
   defining Unicode char U+00C3 (decimal 195)
   defining Unicode char U+00C4 (decimal 196)
   defining Unicode char U+00C5 (decimal 197)
   defining Unicode char U+00C6 (decimal 198)
   defining Unicode char U+00C7 (decimal 199)
   defining Unicode char U+00C8 (decimal 200)
   defining Unicode char U+00C9 (decimal 201)
   defining Unicode char U+00CA (decimal 202)
   defining Unicode char U+00CB (decimal 203)
   defining Unicode char U+00CC (decimal 204)
   defining Unicode char U+00CD (decimal 205)
   defining Unicode char U+00CE (decimal 206)
   defining Unicode char U+00CF (decimal 207)
   defining Unicode char U+00D0 (decimal 208)
   defining Unicode char U+00D1 (decimal 209)
   defining Unicode char U+00D2 (decimal 210)
   defining Unicode char U+00D3 (decimal 211)
   defining Unicode char U+00D4 (decimal 212)
   defining Unicode char U+00D5 (decimal 213)
   defining Unicode char U+00D6 (decimal 214)
   defining Unicode char U+00D8 (decimal 216)
   defining Unicode char U+00D9 (decimal 217)
   defining Unicode char U+00DA (decimal 218)
   defining Unicode char U+00DB (decimal 219)
   defining Unicode char U+00DC (decimal 220)
   defining Unicode char U+00DD (decimal 221)
   defining Unicode char U+00DE (decimal 222)
   defining Unicode char U+00DF (decimal 223)
   defining Unicode char U+00E0 (decimal 224)
   defining Unicode char U+00E1 (decimal 225)
   defining Unicode char U+00E2 (decimal 226)
   defining Unicode char U+00E3 (decimal 227)
   defining Unicode char U+00E4 (decimal 228)
   defining Unicode char U+00E5 (decimal 229)
   defining Unicode char U+00E6 (decimal 230)
   defining Unicode char U+00E7 (decimal 231)
   defining Unicode char U+00E8 (decimal 232)
   defining Unicode char U+00E9 (decimal 233)
   defining Unicode char U+00EA (decimal 234)
   defining Unicode char U+00EB (decimal 235)
   defining Unicode char U+00EC (decimal 236)
   defining Unicode char U+00ED (decimal 237)
   defining Unicode char U+00EE (decimal 238)
   defining Unicode char U+00EF (decimal 239)
   defining Unicode char U+00F0 (decimal 240)
   defining Unicode char U+00F1 (decimal 241)
   defining Unicode char U+00F2 (decimal 242)
   defining Unicode char U+00F3 (decimal 243)
   defining Unicode char U+00F4 (decimal 244)
   defining Unicode char U+00F5 (decimal 245)
   defining Unicode char U+00F6 (decimal 246)
   defining Unicode char U+00F8 (decimal 248)
   defining Unicode char U+00F9 (decimal 249)
   defining Unicode char U+00FA (decimal 250)
   defining Unicode char U+00FB (decimal 251)
   defining Unicode char U+00FC (decimal 252)
   defining Unicode char U+00FD (decimal 253)
   defining Unicode char U+00FE (decimal 254)
   defining Unicode char U+00FF (decimal 255)
   defining Unicode char U+0102 (decimal 258)
   defining Unicode char U+0103 (decimal 259)
   defining Unicode char U+0104 (decimal 260)
   defining Unicode char U+0105 (decimal 261)
   defining Unicode char U+0106 (decimal 262)
   defining Unicode char U+0107 (decimal 263)
   defining Unicode char U+010C (decimal 268)
   defining Unicode char U+010D (decimal 269)
   defining Unicode char U+010E (decimal 270)
   defining Unicode char U+010F (decimal 271)
   defining Unicode char U+0110 (decimal 272)
   defining Unicode char U+0111 (decimal 273)
   defining Unicode char U+0118 (decimal 280)
   defining Unicode char U+0119 (decimal 281)
   defining Unicode char U+011A (decimal 282)
   defining Unicode char U+011B (decimal 283)
   defining Unicode char U+011E (decimal 286)
   defining Unicode char U+011F (decimal 287)
   defining Unicode char U+0130 (decimal 304)
   defining Unicode char U+0131 (decimal 305)
   defining Unicode char U+0132 (decimal 306)
   defining Unicode char U+0133 (decimal 307)
   defining Unicode char U+0139 (decimal 313)
   defining Unicode char U+013A (decimal 314)
   defining Unicode char U+013D (decimal 317)
   defining Unicode char U+013E (decimal 318)
   defining Unicode char U+0141 (decimal 321)
   defining Unicode char U+0142 (decimal 322)
   defining Unicode char U+0143 (decimal 323)
   defining Unicode char U+0144 (decimal 324)
   defining Unicode char U+0147 (decimal 327)
   defining Unicode char U+0148 (decimal 328)
   defining Unicode char U+014A (decimal 330)
   defining Unicode char U+014B (decimal 331)
   defining Unicode char U+0150 (decimal 336)
   defining Unicode char U+0151 (decimal 337)
   defining Unicode char U+0152 (decimal 338)
   defining Unicode char U+0153 (decimal 339)
   defining Unicode char U+0154 (decimal 340)
   defining Unicode char U+0155 (decimal 341)
   defining Unicode char U+0158 (decimal 344)
   defining Unicode char U+0159 (decimal 345)
   defining Unicode char U+015A (decimal 346)
   defining Unicode char U+015B (decimal 347)
   defining Unicode char U+015E (decimal 350)
   defining Unicode char U+015F (decimal 351)
   defining Unicode char U+0160 (decimal 352)
   defining Unicode char U+0161 (decimal 353)
   defining Unicode char U+0162 (decimal 354)
   defining Unicode char U+0163 (decimal 355)
   defining Unicode char U+0164 (decimal 356)
   defining Unicode char U+0165 (decimal 357)
   defining Unicode char U+016E (decimal 366)
   defining Unicode char U+016F (decimal 367)
   defining Unicode char U+0170 (decimal 368)
   defining Unicode char U+0171 (decimal 369)
   defining Unicode char U+0178 (decimal 376)
   defining Unicode char U+0179 (decimal 377)
   defining Unicode char U+017A (decimal 378)
   defining Unicode char U+017B (decimal 379)
   defining Unicode char U+017C (decimal 380)
   defining Unicode char U+017D (decimal 381)
   defining Unicode char U+017E (decimal 382)
   defining Unicode char U+200C (decimal 8204)
   defining Unicode char U+2013 (decimal 8211)
   defining Unicode char U+2014 (decimal 8212)
   defining Unicode char U+2018 (decimal 8216)
   defining Unicode char U+2019 (decimal 8217)
   defining Unicode char U+201A (decimal 8218)
   defining Unicode char U+201C (decimal 8220)
   defining Unicode char U+201D (decimal 8221)
   defining Unicode char U+201E (decimal 8222)
   defining Unicode char U+2030 (decimal 8240)
   defining Unicode char U+2031 (decimal 8241)
   defining Unicode char U+2039 (decimal 8249)
   defining Unicode char U+203A (decimal 8250)
   defining Unicode char U+2423 (decimal 9251)
)
Now handling font encoding OT1 ...
... processing UTF-8 mapping file for font encoding OT1

("C:\Program Files\MiKTeX 2.9\tex\latex\base\ot1enc.dfu"
File: ot1enc.dfu 2008/04/05 v1.1m UTF-8 support for inputenc
   defining Unicode char U+00A1 (decimal 161)
   defining Unicode char U+00A3 (decimal 163)
   defining Unicode char U+00B8 (decimal 184)
   defining Unicode char U+00BF (decimal 191)
   defining Unicode char U+00C5 (decimal 197)
   defining Unicode char U+00C6 (decimal 198)
   defining Unicode char U+00D8 (decimal 216)
   defining Unicode char U+00DF (decimal 223)
   defining Unicode char U+00E6 (decimal 230)
   defining Unicode char U+00EC (decimal 236)
   defining Unicode char U+00ED (decimal 237)
   defining Unicode char U+00EE (decimal 238)
   defining Unicode char U+00EF (decimal 239)
   defining Unicode char U+00F8 (decimal 248)
   defining Unicode char U+0131 (decimal 305)
   defining Unicode char U+0141 (decimal 321)
   defining Unicode char U+0142 (decimal 322)
   defining Unicode char U+0152 (decimal 338)
   defining Unicode char U+0153 (decimal 339)
   defining Unicode char U+2013 (decimal 8211)
   defining Unicode char U+2014 (decimal 8212)
   defining Unicode char U+2018 (decimal 8216)
   defining Unicode char U+2019 (decimal 8217)
   defining Unicode char U+201C (decimal 8220)
   defining Unicode char U+201D (decimal 8221)
)
Now handling font encoding OMS ...
... processing UTF-8 mapping file for font encoding OMS

("C:\Program Files\MiKTeX 2.9\tex\latex\base\omsenc.dfu"
File: omsenc.dfu 2008/04/05 v1.1m UTF-8 support for inputenc
   defining Unicode char U+00A7 (decimal 167)
   defining Unicode char U+00B6 (decimal 182)
   defining Unicode char U+00B7 (decimal 183)
   defining Unicode char U+2020 (decimal 8224)
   defining Unicode char U+2021 (decimal 8225)
   defining Unicode char U+2022 (decimal 8226)
)
Now handling font encoding OMX ...
... no UTF-8 mapping file for font encoding OMX
Now handling font encoding U ...
... no UTF-8 mapping file for font encoding U
   defining Unicode char U+00A9 (decimal 169)
   defining Unicode char U+00AA (decimal 170)
   defining Unicode char U+00AE (decimal 174)
   defining Unicode char U+00BA (decimal 186)
   defining Unicode char U+02C6 (decimal 710)
   defining Unicode char U+02DC (decimal 732)
   defining Unicode char U+200C (decimal 8204)
   defining Unicode char U+2026 (decimal 8230)
   defining Unicode char U+2122 (decimal 8482)
   defining Unicode char U+2423 (decimal 9251)
))
("C:\Program Files\MiKTeX 2.9\tex\latex\url\url.sty"
\Urlmuskip=\muskip11
Package: url 2013/09/16  ver 3.4  Verb mode for urls, etc.
)
("C:\Program Files\MiKTeX 2.9\tex\latex\lineno\lineno.sty"
Package: lineno 2005/11/02 line numbers on paragraphs v4.41
\linenopenalty=\count101
\output=\toks23
\linenoprevgraf=\count102
\linenumbersep=\dimen116
\linenumberwidth=\dimen117
\c@linenumber=\count103
\c@pagewiselinenumber=\count104
\c@LN@truepage=\count105
\c@internallinenumber=\count106
\c@internallinenumbers=\count107
\quotelinenumbersep=\dimen118
\bframerule=\dimen119
\bframesep=\dimen120
\bframebox=\box28
LaTeX Info: Redefining \\ on input line 3056.
)
("C:\Program Files\MiKTeX 2.9\tex\latex\endfloat\endfloat.sty"
Package: endfloat 2011/12/25 v2.5d LaTeX2e package puts figures and tables at e
nd (jdm)
\c@postfigure=\count108
\efloat@postfff=\write3
\@ef@fffopen=\count109
\c@posttable=\count110
\efloat@postttt=\write4
\@ef@tttopen=\count111
)
("C:\Program Files\MiKTeX 2.9\tex\latex\subfigure\subfigure.sty"
Package: subfigure 2002/07/30 v2.1.4 subfigure package
\subfigtopskip=\skip50
\subfigcapskip=\skip51
\subfigcaptopadj=\dimen121
\subfigbottomskip=\skip52
\subfigcapmargin=\dimen122
\subfiglabelskip=\skip53
\c@subfigure=\count112
\c@lofdepth=\count113
\c@subtable=\count114
\c@lotdepth=\count115

****************************************
* Local config file subfigure.cfg used *
****************************************
("C:\Program Files\MiKTeX 2.9\tex\latex\subfigure\subfigure.cfg")
\subfig@top=\skip54
\subfig@bottom=\skip55
)
("C:\Program Files\MiKTeX 2.9\tex\latex\microtype\microtype.sty"
Package: microtype 2013/05/23 v2.5a Micro-typographical refinements (RS)
\MT@toks=\toks24
\MT@count=\count116
LaTeX Info: Redefining \textls on input line 766.
\MT@outer@kern=\dimen123
LaTeX Info: Redefining \textmicrotypecontext on input line 1285.
\MT@listname@count=\count117

("C:\Program Files\MiKTeX 2.9\tex\latex\microtype\microtype-pdftex.def"
File: microtype-pdftex.def 2013/05/23 v2.5a Definitions specific to pdftex (RS)

LaTeX Info: Redefining \lsstyle on input line 915.
LaTeX Info: Redefining \lslig on input line 915.
\MT@outer@space=\skip56
)
Package microtype Info: Loading configuration file microtype.cfg.

("C:\Program Files\MiKTeX 2.9\tex\latex\microtype\microtype.cfg"
File: microtype.cfg 2013/05/23 v2.5a microtype main configuration file (RS)
))
("C:\Program Files\MiKTeX 2.9\tex\latex\booktabs\booktabs.sty"
Package: booktabs 2005/04/14 v1.61803 publication quality tables
\heavyrulewidth=\dimen124
\lightrulewidth=\dimen125
\cmidrulewidth=\dimen126
\belowrulesep=\dimen127
\belowbottomsep=\dimen128
\aboverulesep=\dimen129
\abovetopsep=\dimen130
\cmidrulesep=\dimen131
\cmidrulekern=\dimen132
\defaultaddspace=\dimen133
\@cmidla=\count118
\@cmidlb=\count119
\@aboverulesep=\dimen134
\@belowrulesep=\dimen135
\@thisruleclass=\count120
\@lastruleclass=\count121
\@thisrulewidth=\dimen136
)
("C:\Users\ThePanicPanda\Dropbox\Completed and Published Projects\1-Papers\11-A
 Hierarchical Bayesian Analysis of Parasite Prevalence\FullPackageForJournal - 
Revison\AJHB-LatexPaper\AJHB-LatexPaper.aux")
LaTeX Font Info:    Checking defaults for OML/cmm/m/it on input line 32.
LaTeX Font Info:    ... okay on input line 32.
LaTeX Font Info:    Checking defaults for T1/cmr/m/n on input line 32.
LaTeX Font Info:    ... okay on input line 32.
LaTeX Font Info:    Checking defaults for OT1/cmr/m/n on input line 32.
LaTeX Font Info:    ... okay on input line 32.
LaTeX Font Info:    Checking defaults for OMS/cmsy/m/n on input line 32.
LaTeX Font Info:    ... okay on input line 32.
LaTeX Font Info:    Checking defaults for OMX/cmex/m/n on input line 32.
LaTeX Font Info:    ... okay on input line 32.
LaTeX Font Info:    Checking defaults for U/cmr/m/n on input line 32.
LaTeX Font Info:    ... okay on input line 32.

("C:\Program Files\MiKTeX 2.9\tex\context\base\supp-pdf.mkii"
[Loading MPS to PDF converter (version 2006.09.02).]
\scratchcounter=\count122
\scratchdimen=\dimen137
\scratchbox=\box29
\nofMPsegments=\count123
\nofMParguments=\count124
\everyMPshowfont=\toks25
\MPscratchCnt=\count125
\MPscratchDim=\dimen138
\MPnumerator=\count126
\makeMPintoPDFobject=\count127
\everyMPtoPDFconversion=\toks26
)
LaTeX Info: Redefining \microtypecontext on input line 32.
Package microtype Info: Generating PDF output.
Package microtype Info: Character protrusion enabled (level 2).
Package microtype Info: Using default protrusion set `alltext'.
Package microtype Info: Automatic font expansion enabled (level 2),
(microtype)             stretch: 20, shrink: 20, step: 1, non-selected.
Package microtype Info: Using default expansion set `basictext'.
Package microtype Info: No adjustment of tracking.
Package microtype Info: No adjustment of interword spacing.
Package microtype Info: No adjustment of character kerning.
 ("C:\Program Files\MiKTeX 2.9\tex\latex\microtype\mt-cmr.cfg"
File: mt-cmr.cfg 2013/05/19 v2.2 microtype config. file: Computer Modern Roman 
(RS)
)
LaTeX Font Info:    Try loading font information for U+msa on input line 34.

("C:\Program Files\MiKTeX 2.9\tex\latex\amsfonts\umsa.fd"
File: umsa.fd 2013/01/14 v3.01 AMS symbols A
)
("C:\Program Files\MiKTeX 2.9\tex\latex\microtype\mt-msa.cfg"
File: mt-msa.cfg 2006/02/04 v1.1 microtype config. file: AMS symbols (a) (RS)
)
LaTeX Font Info:    Try loading font information for U+msb on input line 34.

("C:\Program Files\MiKTeX 2.9\tex\latex\amsfonts\umsb.fd"
File: umsb.fd 2013/01/14 v3.01 AMS symbols B
)
("C:\Program Files\MiKTeX 2.9\tex\latex\microtype\mt-msb.cfg"
File: mt-msb.cfg 2005/06/01 v1.0 microtype config. file: AMS symbols (b) (RS)
) [1

{C:/ProgramData/MiKTeX/2.9/pdftex/config/pdftex.map}]
Package microtype Info: Loading generic settings for font family
(microtype)             `cmss' (encoding: OT1).
(microtype)             For optimal results, create family-specific settings.
(microtype)             See the microtype manual for details.
 [2

]
Underfull \hbox (badness 10000) in paragraph at lines 77--78

 []

[3]
Underfull \hbox (badness 10000) in paragraph at lines 79--80

 []


Underfull \hbox (badness 10000) in paragraph at lines 88--89

 []


Underfull \hbox (badness 10000) in paragraph at lines 90--91

 []


Underfull \hbox (badness 10000) in paragraph at lines 99--100

 []


Underfull \hbox (badness 10000) in paragraph at lines 101--102

 []

[4]
Underfull \hbox (badness 10000) in paragraph at lines 110--111

 []


Underfull \hbox (badness 10000) in paragraph at lines 112--113

 []


Underfull \hbox (badness 10000) in paragraph at lines 119--120

 []


Underfull \hbox (badness 10000) in paragraph at lines 121--122

 []


Overfull \hbox (1.84506pt too wide) in paragraph at lines 132--132
[]\OT1/cmr/bx/n/12 Alternative Ex-pla-na-tions Link-ing Par-a-sites Preva-lence
 and Socio-Cultural
 []

[5] (AJHB-LatexPaper.fff)
Underfull \hbox (badness 10000) in paragraph at lines 153--154

 []


Underfull \hbox (badness 10000) in paragraph at lines 155--156

 []


Underfull \hbox (badness 10000) in paragraph at lines 157--158

 []


Underfull \hbox (badness 10000) in paragraph at lines 159--160

 []

[6]
Underfull \hbox (badness 10000) in paragraph at lines 161--162

 []


Underfull \hbox (badness 10000) in paragraph at lines 163--164

 []

[7] [8] [9] [10] (AJHB-LatexPaper.ttt)
Underfull \hbox (badness 10000) in paragraph at lines 270--271

 []

[11]
Underfull \hbox (badness 10000) in paragraph at lines 326--327

 []


Underfull \hbox (badness 10000) in paragraph at lines 335--336

 []


Underfull \hbox (badness 10000) in paragraph at lines 343--344

 []


Underfull \hbox (badness 10000) in paragraph at lines 351--352

 []


Underfull \hbox (badness 10000) in paragraph at lines 360--361

 []

[12]
Underfull \hbox (badness 10000) in paragraph at lines 369--370

 []


Underfull \hbox (badness 10000) in paragraph at lines 376--377

 []


Underfull \hbox (badness 10000) in paragraph at lines 382--384

 []


Underfull \hbox (badness 10000) in paragraph at lines 391--392

 []


Underfull \hbox (badness 10000) in paragraph at lines 397--399

 []

[13]
Underfull \hbox (badness 10000) in paragraph at lines 415--416

 []


Underfull \hbox (badness 10000) in paragraph at lines 417--418

 []

[14]
Underfull \hbox (badness 10000) in paragraph at lines 439--440

 []


Underfull \hbox (badness 10000) in paragraph at lines 445--446

 []


Underfull \hbox (badness 10000) in paragraph at lines 450--451

 []

[15]
Underfull \hbox (badness 10000) in paragraph at lines 454--455

 []


Underfull \hbox (badness 10000) in paragraph at lines 461--462

 []


Underfull \hbox (badness 10000) in paragraph at lines 465--466

 []

[16] [17] [18] [19] [20]
("C:\Users\ThePanicPanda\Dropbox\Completed and Published Projects\1-Papers\11-A
 Hierarchical Bayesian Analysis of Parasite Prevalence\FullPackageForJournal - 
Revison\AJHB-LatexPaper\AJHB-LatexPaper.bbl"
Package microtype Info: Loading generic settings for font family
(microtype)             `cmtt' (encoding: OT1).
(microtype)             For optimal results, create family-specific settings.
(microtype)             See the microtype manual for details.
 [21] [22]
Underfull \hbox (badness 7433) in paragraph at lines 123--126
\OT1/cmr/m/n/12 (+20) ous sta-tis-ti-cal sig-nif-i-cance. Slate URL $\OT1/cmtt/
m/n/12 http : / / andrewgelman . com / 2013 / 07 / 24 /$
 []


Overfull \hbox (90.16016pt too wide) in paragraph at lines 123--126
$\OT1/cmtt/m/n/12 too-[]good-[]to-[]be-[]true-[]the-[]scientific-[]mass-[]produ
ction-[]of-[]spurious-[]statistical-[]significance/$ 
 []

[23] [24] [25]) AED endfloat: Processing end Figures and Tables [26]
("C:\Users\ThePanicPanda\Dropbox\Completed and Published Projects\1-Papers\11-A
 Hierarchical Bayesian Analysis of Parasite Prevalence\FullPackageForJournal - 
Revison\AJHB-LatexPaper\AJHB-LatexPaper.lof" [27


] [28] [29])
\tf@lof=\write5
 [30]
("C:\Users\ThePanicPanda\Dropbox\Completed and Published Projects\1-Papers\11-A
 Hierarchical Bayesian Analysis of Parasite Prevalence\FullPackageForJournal - 
Revison\AJHB-LatexPaper\AJHB-LatexPaper.fff"

pdfTeX warning: pdflatex (file C:/Users/ThePanicPanda/Dropbox/Completed and Pub
lished Projects/1-Papers/11-A Hierarchical Bayesian Analysis of Parasite Preval
ence/FullPackageForJournal - Revison/AJHB-LatexPaper/Figures/NetworkTFE.pdf): P
DF inclusion: found PDF version <1.6>, but at most version <1.5> allowed
<Figures/NetworkTFE.pdf, id=117, 669.70201pt x 416.75702pt>
File: Figures/NetworkTFE.pdf Graphic file (type pdf)

<use Figures/NetworkTFE.pdf>
Package pdftex.def Info: Figures/NetworkTFE.pdf used on input line 8.
(pdftex.def)             Requested size: 433.62pt x 269.84593pt.


pdfTeX warning: pdflatex (file C:/Users/ThePanicPanda/Dropbox/Completed and Pub
lished Projects/1-Papers/11-A Hierarchical Bayesian Analysis of Parasite Preval
ence/FullPackageForJournal - Revison/AJHB-LatexPaper/Figures/NetworkRW.pdf): PD
F inclusion: found PDF version <1.6>, but at most version <1.5> allowed
<Figures/NetworkRW.pdf, id=118, 767.02557pt x 414.58891pt>
File: Figures/NetworkRW.pdf Graphic file (type pdf)

<use Figures/NetworkRW.pdf>
Package pdftex.def Info: Figures/NetworkRW.pdf used on input line 14.
(pdftex.def)             Requested size: 433.62pt x 234.38234pt.


LaTeX Warning: Float too large for page by 57.40935pt on input line 15.

[31 <C:/Users/ThePanicPanda/Dropbox/Completed and Published Projects/1-Papers/1
1-A Hierarchical Bayesian Analysis of Parasite Prevalence/FullPackageForJournal
 - Revison/AJHB-LatexPaper/Figures/NetworkTFE.pdf> <C:/Users/ThePanicPanda/Drop
box/Completed and Published Projects/1-Papers/11-A Hierarchical Bayesian Analys
is of Parasite Prevalence/FullPackageForJournal - Revison/AJHB-LatexPaper/Figur
es/NetworkRW.pdf>]

pdfTeX warning: pdflatex (file C:/Users/ThePanicPanda/Dropbox/Completed and Pub
lished Projects/1-Papers/11-A Hierarchical Bayesian Analysis of Parasite Preval
ence/FullPackageForJournal - Revison/AJHB-LatexPaper/Figures/DemocracyModel.pdf
): PDF inclusion: found PDF version <1.6>, but at most version <1.5> allowed
<Figures/DemocracyModel.pdf, id=129, 785.09308pt x 578.16pt>
File: Figures/DemocracyModel.pdf Graphic file (type pdf)

<use Figures/DemocracyModel.pdf>
Package pdftex.def Info: Figures/DemocracyModel.pdf used on input line 20.
(pdftex.def)             Requested size: 361.34999pt x 266.11562pt.
 [32 <C:/Users/ThePanicPanda/Dropbox/Completed and Published Projects/1-Papers/
11-A Hierarchical Bayesian Analysis of Parasite Prevalence/FullPackageForJourna
l - Revison/AJHB-LatexPaper/Figures/DemocracyModel.pdf>]

pdfTeX warning: pdflatex (file C:/Users/ThePanicPanda/Dropbox/Completed and Pub
lished Projects/1-Papers/11-A Hierarchical Bayesian Analysis of Parasite Preval
ence/FullPackageForJournal - Revison/AJHB-LatexPaper/Figures/CollectivismModel.
pdf): PDF inclusion: found PDF version <1.6>, but at most version <1.5> allowed

<Figures/CollectivismModel.pdf, id=138, 685.60138pt x 583.21887pt>
File: Figures/CollectivismModel.pdf Graphic file (type pdf)

<use Figures/CollectivismModel.pdf>
Package pdftex.def Info: Figures/CollectivismModel.pdf used on input line 26.
(pdftex.def)             Requested size: 361.34999pt x 307.387pt.
 [33 <C:/Users/ThePanicPanda/Dropbox/Completed and Published Projects/1-Papers/
11-A Hierarchical Bayesian Analysis of Parasite Prevalence/FullPackageForJourna
l - Revison/AJHB-LatexPaper/Figures/CollectivismModel.pdf>]

pdfTeX warning: pdflatex (file C:/Users/ThePanicPanda/Dropbox/Completed and Pub
lished Projects/1-Papers/11-A Hierarchical Bayesian Analysis of Parasite Preval
ence/FullPackageForJournal - Revison/AJHB-LatexPaper/Figures/GenderEqualityMode
l.pdf): PDF inclusion: found PDF version <1.6>, but at most version <1.5> allow
ed
<Figures/GenderEqualityModel.pdf, id=147, 844.3545pt x 644.4075pt>
File: Figures/GenderEqualityModel.pdf Graphic file (type pdf)

<use Figures/GenderEqualityModel.pdf>
Package pdftex.def Info: Figures/GenderEqualityModel.pdf used on input line 32.

(pdftex.def)             Requested size: 361.34999pt x 275.78206pt.
 [34 <C:/Users/ThePanicPanda/Dropbox/Completed and Published Projects/1-Papers/
11-A Hierarchical Bayesian Analysis of Parasite Prevalence/FullPackageForJourna
l - Revison/AJHB-LatexPaper/Figures/GenderEqualityModel.pdf>]

pdfTeX warning: pdflatex (file C:/Users/ThePanicPanda/Dropbox/Completed and Pub
lished Projects/1-Papers/11-A Hierarchical Bayesian Analysis of Parasite Preval
ence/FullPackageForJournal - Revison/AJHB-LatexPaper/Figures/EducationModel.pdf
): PDF inclusion: found PDF version <1.6>, but at most version <1.5> allowed
<Figures/EducationModel.pdf, id=156, 701.7417pt x 574.30557pt>
File: Figures/EducationModel.pdf Graphic file (type pdf)

<use Figures/EducationModel.pdf>
Package pdftex.def Info: Figures/EducationModel.pdf used on input line 38.
(pdftex.def)             Requested size: 361.34999pt x 295.73123pt.
 [35 <C:/Users/ThePanicPanda/Dropbox/Completed and Published Projects/1-Papers/
11-A Hierarchical Bayesian Analysis of Parasite Prevalence/FullPackageForJourna
l - Revison/AJHB-LatexPaper/Figures/EducationModel.pdf>]

pdfTeX warning: pdflatex (file C:/Users/ThePanicPanda/Dropbox/Completed and Pub
lished Projects/1-Papers/11-A Hierarchical Bayesian Analysis of Parasite Preval
ence/FullPackageForJournal - Revison/AJHB-LatexPaper/Figures/ViolenceModel.pdf)
: PDF inclusion: found PDF version <1.6>, but at most version <1.5> allowed
<Figures/ViolenceModel.pdf, id=165, 812.07388pt x 594.30032pt>
File: Figures/ViolenceModel.pdf Graphic file (type pdf)

<use Figures/ViolenceModel.pdf>
Package pdftex.def Info: Figures/ViolenceModel.pdf used on input line 44.
(pdftex.def)             Requested size: 361.34999pt x 264.4492pt.
 [36 <C:/Users/ThePanicPanda/Dropbox/Completed and Published Projects/1-Papers/
11-A Hierarchical Bayesian Analysis of Parasite Prevalence/FullPackageForJourna
l - Revison/AJHB-LatexPaper/Figures/ViolenceModel.pdf>]

pdfTeX warning: pdflatex (file C:/Users/ThePanicPanda/Dropbox/Completed and Pub
lished Projects/1-Papers/11-A Hierarchical Bayesian Analysis of Parasite Preval
ence/FullPackageForJournal - Revison/AJHB-LatexPaper/Figures/ReligiosityModel.p
df): PDF inclusion: found PDF version <1.6>, but at most version <1.5> allowed
<Figures/ReligiosityModel.pdf, id=174, 780.99782pt x 598.39557pt>
File: Figures/ReligiosityModel.pdf Graphic file (type pdf)

<use Figures/ReligiosityModel.pdf>
Package pdftex.def Info: Figures/ReligiosityModel.pdf used on input line 50.
(pdftex.def)             Requested size: 361.34999pt x 276.87231pt.
 [37 <C:/Users/ThePanicPanda/Dropbox/Completed and Published Projects/1-Papers/
11-A Hierarchical Bayesian Analysis of Parasite Prevalence/FullPackageForJourna
l - Revison/AJHB-LatexPaper/Figures/ReligiosityModel.pdf>]

pdfTeX warning: pdflatex (file C:/Users/ThePanicPanda/Dropbox/Completed and Pub
lished Projects/1-Papers/11-A Hierarchical Bayesian Analysis of Parasite Preval
ence/FullPackageForJournal - Revison/AJHB-LatexPaper/Figures/StructuralRacismMo
del.pdf): PDF inclusion: found PDF version <1.6>, but at most version <1.5> all
owed
<Figures/StructuralRacismModel.pdf, id=184, 668.4975pt x 582.25531pt>
File: Figures/StructuralRacismModel.pdf Graphic file (type pdf)

<use Figures/StructuralRacismModel.pdf>
Package pdftex.def Info: Figures/StructuralRacismModel.pdf used on input line 5
6.
(pdftex.def)             Requested size: 361.34999pt x 314.74191pt.
 [38 <C:/Users/ThePanicPanda/Dropbox/Completed and Published Projects/1-Papers/
11-A Hierarchical Bayesian Analysis of Parasite Prevalence/FullPackageForJourna
l - Revison/AJHB-LatexPaper/Figures/StructuralRacismModel.pdf>]

pdfTeX warning: pdflatex (file C:/Users/ThePanicPanda/Dropbox/Completed and Pub
lished Projects/1-Papers/11-A Hierarchical Bayesian Analysis of Parasite Preval
ence/FullPackageForJournal - Revison/AJHB-LatexPaper/Figures/SewerModel.pdf): P
DF inclusion: found PDF version <1.6>, but at most version <1.5> allowed
<Figures/SewerModel.pdf, id=193, 641.5167pt x 583.21887pt>
File: Figures/SewerModel.pdf Graphic file (type pdf)

<use Figures/SewerModel.pdf>
Package pdftex.def Info: Figures/SewerModel.pdf used on input line 62.
(pdftex.def)             Requested size: 361.34999pt x 328.51367pt.
 [39 <C:/Users/ThePanicPanda/Dropbox/Completed and Published Projects/1-Papers/
11-A Hierarchical Bayesian Analysis of Parasite Prevalence/FullPackageForJourna
l - Revison/AJHB-LatexPaper/Figures/SewerModel.pdf>]

pdfTeX warning: pdflatex (file C:/Users/ThePanicPanda/Dropbox/Completed and Pub
lished Projects/1-Papers/11-A Hierarchical Bayesian Analysis of Parasite Preval
ence/FullPackageForJournal - Revison/AJHB-LatexPaper/Figures/SewageAndEthnicity
Model.pdf): PDF inclusion: found PDF version <1.6>, but at most version <1.5> a
llowed
<Figures/SewageAndEthnicityModel.pdf, id=202, 661.51138pt x 610.44057pt>
File: Figures/SewageAndEthnicityModel.pdf Graphic file (type pdf)

<use Figures/SewageAndEthnicityModel.pdf>
Package pdftex.def Info: Figures/SewageAndEthnicityModel.pdf used on input line
 68.
(pdftex.def)             Requested size: 361.34999pt x 333.45197pt.
 [40 <C:/Users/ThePanicPanda/Dropbox/Completed and Published Projects/1-Papers/
11-A Hierarchical Bayesian Analysis of Parasite Prevalence/FullPackageForJourna
l - Revison/AJHB-LatexPaper/Figures/SewageAndEthnicityModel.pdf>]

pdfTeX warning: pdflatex (file C:/Users/ThePanicPanda/Dropbox/Completed and Pub
lished Projects/1-Papers/11-A Hierarchical Bayesian Analysis of Parasite Preval
ence/FullPackageForJournal - Revison/AJHB-LatexPaper/Figures/WhiteEducationMode
l.pdf): PDF inclusion: found PDF version <1.6>, but at most version <1.5> allow
ed
<Figures/WhiteEducationModel.pdf, id=211, 701.7417pt x 601.28638pt>
File: Figures/WhiteEducationModel.pdf Graphic file (type pdf)

<use Figures/WhiteEducationModel.pdf>
Package pdftex.def Info: Figures/WhiteEducationModel.pdf used on input line 74.

(pdftex.def)             Requested size: 361.34999pt x 309.62465pt.
 [41 <C:/Users/ThePanicPanda/Dropbox/Completed and Published Projects/1-Papers/
11-A Hierarchical Bayesian Analysis of Parasite Prevalence/FullPackageForJourna
l - Revison/AJHB-LatexPaper/Figures/WhiteEducationModel.pdf>]

pdfTeX warning: pdflatex (file C:/Users/ThePanicPanda/Dropbox/Completed and Pub
lished Projects/1-Papers/11-A Hierarchical Bayesian Analysis of Parasite Preval
ence/FullPackageForJournal - Revison/AJHB-LatexPaper/Figures/WhiteEducationMode
l(WhiteEquals0).pdf): PDF inclusion: found PDF version <1.6>, but at most versi
on <1.5> allowed

<Figures/WhiteEducationModel(WhiteEquals0).pdf, id=220, 695.7192pt x 575.2692pt
>
File: Figures/WhiteEducationModel(WhiteEquals0).pdf Graphic file (type pdf)
 <use Figures/WhiteEducationModel(WhiteEquals0).pdf>
Package pdftex.def Info: Figures/WhiteEducationModel(WhiteEquals0).pdf used on 
input line 85.
(pdftex.def)             Requested size: 216.81pt x 179.27084pt.


pdfTeX warning: pdflatex (file C:/Users/ThePanicPanda/Dropbox/Completed and Pub
lished Projects/1-Papers/11-A Hierarchical Bayesian Analysis of Parasite Preval
ence/FullPackageForJournal - Revison/AJHB-LatexPaper/Figures/WhiteEducationMode
l(WhiteEquals1).pdf): PDF inclusion: found PDF version <1.6>, but at most versi
on <1.5> allowed

<Figures/WhiteEducationModel(WhiteEquals1).pdf, id=221, 684.87871pt x 578.64178
pt>
File: Figures/WhiteEducationModel(WhiteEquals1).pdf Graphic file (type pdf)
 <use Figures/WhiteEducationModel(WhiteEquals1).pdf>
Package pdftex.def Info: Figures/WhiteEducationModel(WhiteEquals1).pdf used on 
input line 89.
(pdftex.def)             Requested size: 216.81pt x 183.17372pt.
 [42 <C:/Users/ThePanicPanda/Dropbox/Completed and Published Projects/1-Papers/
11-A Hierarchical Bayesian Analysis of Parasite Prevalence/FullPackageForJourna
l - Revison/AJHB-LatexPaper/Figures/WhiteEducationModel(WhiteEquals0).pdf> <C:/
Users/ThePanicPanda/Dropbox/Completed and Published Projects/1-Papers/11-A Hier
archical Bayesian Analysis of Parasite Prevalence/FullPackageForJournal - Revis
on/AJHB-LatexPaper/Figures/WhiteEducationModel(WhiteEquals1).pdf>]

pdfTeX warning: pdflatex (file C:/Users/ThePanicPanda/Dropbox/Completed and Pub
lished Projects/1-Papers/11-A Hierarchical Bayesian Analysis of Parasite Preval
ence/FullPackageForJournal - Revison/AJHB-LatexPaper/Figures/WhiteReligiosityMo
del(WhitenessEquals0).pdf): PDF inclusion: found PDF version <1.6>, but at most
 version <1.5> allowed

<Figures/WhiteReligiosityModel(WhitenessEquals0).pdf, id=233, 775.93887pt x 583
.45982pt>
File: Figures/WhiteReligiosityModel(WhitenessEquals0).pdf Graphic file (type pd
f)
 <use Figures/WhiteReligiosityModel(WhitenessEquals0).pdf>
Package pdftex.def Info: Figures/WhiteReligiosityModel(WhitenessEquals0).pdf us
ed on input line 100.
(pdftex.def)             Requested size: 216.81pt x 163.02933pt.


pdfTeX warning: pdflatex (file C:/Users/ThePanicPanda/Dropbox/Completed and Pub
lished Projects/1-Papers/11-A Hierarchical Bayesian Analysis of Parasite Preval
ence/FullPackageForJournal - Revison/AJHB-LatexPaper/Figures/WhiteReligiosityMo
del(WhitenessEquals1).pdf): PDF inclusion: found PDF version <1.6>, but at most
 version <1.5> allowed

<Figures/WhiteReligiosityModel(WhitenessEquals1).pdf, id=234, 772.80719pt x 579
.12363pt>
File: Figures/WhiteReligiosityModel(WhitenessEquals1).pdf Graphic file (type pd
f)
 <use Figures/WhiteReligiosityModel(WhitenessEquals1).pdf>
Package pdftex.def Info: Figures/WhiteReligiosityModel(WhitenessEquals1).pdf us
ed on input line 104.
(pdftex.def)             Requested size: 216.81pt x 162.47162pt.
 [43 <C:/Users/ThePanicPanda/Dropbox/Completed and Published Projects/1-Papers/
11-A Hierarchical Bayesian Analysis of Parasite Prevalence/FullPackageForJourna
l - Revison/AJHB-LatexPaper/Figures/WhiteReligiosityModel(WhitenessEquals0).pdf
> <C:/Users/ThePanicPanda/Dropbox/Completed and Published Projects/1-Papers/11-
A Hierarchical Bayesian Analysis of Parasite Prevalence/FullPackageForJournal -
 Revison/AJHB-LatexPaper/Figures/WhiteReligiosityModel(WhitenessEquals1).pdf>])

("C:\Users\ThePanicPanda\Dropbox\Completed and Published Projects\1-Papers\11-A
 Hierarchical Bayesian Analysis of Parasite Prevalence\FullPackageForJournal - 
Revison\AJHB-LatexPaper\AJHB-LatexPaper.lot")
\tf@lot=\write6
 [44















]
("C:\Users\ThePanicPanda\Dropbox\Completed and Published Projects\1-Papers\11-A
 Hierarchical Bayesian Analysis of Parasite Prevalence\FullPackageForJournal - 
Revison\AJHB-LatexPaper\AJHB-LatexPaper.ttt"
Overfull \hbox (41.32874pt too wide) in paragraph at lines 3--41
[][]
 []


Underfull \hbox (badness 10000) in paragraph at lines 3--41

 []

[45

])
("C:\Users\ThePanicPanda\Dropbox\Completed and Published Projects\1-Papers\11-A
 Hierarchical Bayesian Analysis of Parasite Prevalence\FullPackageForJournal - 
Revison\AJHB-LatexPaper\AJHB-LatexPaper.aux") ) 
Here is how much of TeX's memory you used:
 5527 strings out of 493921
 83468 string characters out of 3147258
 172235 words of memory out of 3000000
 8530 multiletter control sequences out of 15000+200000
 28237 words of font info for 168 fonts, out of 3000000 for 9000
 841 hyphenation exceptions out of 8191
 37i,13n,35p,1677b,386s stack positions out of 5000i,500n,10000p,200000b,50000s
<C:/Program Files/MiKTeX 2.9/fon
ts/type1/public/amsfonts/cm/cmbx10.pfb><C:/Program Files/MiKTeX 2.9/fonts/type1
/public/amsfonts/cm/cmbx12.pfb><C:/Program Files/MiKTeX 2.9/fonts/type1/public/
amsfonts/cm/cmex10.pfb><C:/Program Files/MiKTeX 2.9/fonts/type1/public/amsfonts
/cm/cmmi10.pfb><C:/Program Files/MiKTeX 2.9/fonts/type1/public/amsfonts/cm/cmmi
12.pfb><C:/Program Files/MiKTeX 2.9/fonts/type1/public/amsfonts/cm/cmmi6.pfb><C
:/Program Files/MiKTeX 2.9/fonts/type1/public/amsfonts/cm/cmmi8.pfb><C:/Program
 Files/MiKTeX 2.9/fonts/type1/public/amsfonts/cm/cmr10.pfb><C:/Program Files/Mi
KTeX 2.9/fonts/type1/public/amsfonts/cm/cmr12.pfb><C:/Program Files/MiKTeX 2.9/
fonts/type1/public/amsfonts/cm/cmr17.pfb><C:/Program Files/MiKTeX 2.9/fonts/typ
e1/public/amsfonts/cm/cmr6.pfb><C:/Program Files/MiKTeX 2.9/fonts/type1/public/
amsfonts/cm/cmr7.pfb><C:/Program Files/MiKTeX 2.9/fonts/type1/public/amsfonts/c
m/cmr8.pfb><C:/Program Files/MiKTeX 2.9/fonts/type1/public/amsfonts/cm/cmss8.pf
b><C:/Program Files/MiKTeX 2.9/fonts/type1/public/amsfonts/cm/cmsy10.pfb><C:/Pr
ogram Files/MiKTeX 2.9/fonts/type1/public/amsfonts/cm/cmsy7.pfb><C:/Program Fil
es/MiKTeX 2.9/fonts/type1/public/amsfonts/cm/cmsy8.pfb><C:/Program Files/MiKTeX
 2.9/fonts/type1/public/amsfonts/cm/cmti10.pfb><C:/Program Files/MiKTeX 2.9/fon
ts/type1/public/amsfonts/cm/cmti12.pfb><C:/Program Files/MiKTeX 2.9/fonts/type1
/public/amsfonts/cm/cmtt12.pfb><C:/Program Files/MiKTeX 2.9/fonts/type1/public/
amsfonts/symbols/msbm10.pfb>
Output written on AJHB-LatexPaper.pdf (45 pages, 3786960 bytes).
PDF statistics:
 320 PDF objects out of 1000 (max. 8388607)
 0 named destinations out of 1000 (max. 500000)
 23633 words of extra memory for PDF output out of 24883 (max. 10000000)

